<?xml version="1.0" encoding="UTF-8"?>
<!-- Generated by org.testng.reporters.JUnitReportReporter -->
<testsuite hostname="WGC1WC57QFXF2" name="com.javacodegeeks.testng.maven.testNgMaven.Sr" tests="1" failures="0" timestamp="5 Dec 2017 16:54:12 GMT" time="0.001" errors="0">
  <testcase name="exampleOfTestNgMaven" time="0.001" classname="com.javacodegeeks.testng.maven.testNgMaven.Sr"/>
</testsuite> <!-- com.javacodegeeks.testng.maven.testNgMaven.Sr -->
