<?xml version="1.0" encoding="UTF-8"?>
<!-- Generated by org.testng.reporters.JUnitReportReporter -->
<testsuite hostname="WGC1WC57QFXF2" name="com.javacodegeeks.testng.maven.testNgMaven.Chrome" tests="1" failures="0" timestamp="5 Dec 2017 16:54:12 GMT" time="3.194" errors="0">
  <testcase name="searchTestNGInGoogle" time="3.194" classname="com.javacodegeeks.testng.maven.testNgMaven.Chrome"/>
</testsuite> <!-- com.javacodegeeks.testng.maven.testNgMaven.Chrome -->
